This file contains any messages produced by compilers while
running configure, to aid debugging if configure makes a mistake.

It was created by OpenJDK configure jdk8, which was
generated by GNU Autoconf 2.69.  Invocation command line was

  $ ./common/autoconf/configure --enable-option-checking=fatal

## --------- ##
## Platform. ##
## --------- ##

hostname = MacBook-Pro-9.local
uname -m = x86_64
uname -r = 18.0.0
uname -s = Darwin
uname -v = Darwin Kernel Version 18.0.0: Wed Aug 22 20:13:40 PDT 2018; root:xnu-4903.201.2~1/RELEASE_X86_64

/usr/bin/uname -p = i386
/bin/uname -X     = unknown

/bin/arch              = unknown
/usr/bin/arch -k       = unknown
/usr/convex/getsysinfo = unknown
/usr/bin/hostinfo      = Mach kernel version:
	 Darwin Kernel Version 18.0.0: Wed Aug 22 20:13:40 PDT 2018; root:xnu-4903.201.2~1/RELEASE_X86_64
Kernel configured for up to 12 processors.
6 processors are physically available.
12 processors are logically available.
Processor type: x86_64h (Intel x86-64h Haswell)
Processors active: 0 1 2 3 4 5 6 7 8 9 10 11
Primary memory available: 16.00 gigabytes
Default processor set: 628 tasks, 4941 threads, 12 processors
Load average: 2.03, Mach factor: 9.96
/bin/machine           = unknown
/usr/bin/oslevel       = unknown
/bin/universe          = unknown

PATH: /usr/local/bin
PATH: /usr/bin
PATH: /bin
PATH: /usr/sbin
PATH: /sbin
PATH: /Library/TeX/texbin


## ----------- ##
## Core tests. ##
## ----------- ##

configure:3885: Configuration created at Wed Dec 12 14:19:59 CST 2018.
configure:3887: configure script generated at timestamp 1389186094.
configure:3904: checking for basename
configure:3922: found /usr/bin/basename
configure:3934: result: /usr/bin/basename
configure:3963: checking for bash
configure:3993: result: /bin/bash
configure:4022: checking for cat
configure:4040: found /bin/cat
configure:4052: result: /bin/cat
configure:4081: checking for chmod
configure:4099: found /bin/chmod
configure:4111: result: /bin/chmod
configure:4140: checking for cmp
configure:4158: found /usr/bin/cmp
configure:4170: result: /usr/bin/cmp
configure:4199: checking for comm
configure:4217: found /usr/bin/comm
configure:4229: result: /usr/bin/comm
configure:4258: checking for cp
configure:4276: found /bin/cp
configure:4288: result: /bin/cp
configure:4317: checking for cpio
configure:4335: found /usr/bin/cpio
configure:4347: result: /usr/bin/cpio
configure:4376: checking for cut
configure:4394: found /usr/bin/cut
configure:4406: result: /usr/bin/cut
configure:4435: checking for date
configure:4453: found /bin/date
configure:4465: result: /bin/date
configure:4494: checking for gdiff
configure:4527: result: no
configure:4494: checking for diff
configure:4512: found /usr/bin/diff
configure:4524: result: /usr/bin/diff
configure:4553: checking for dirname
configure:4571: found /usr/bin/dirname
configure:4583: result: /usr/bin/dirname
configure:4612: checking for echo
configure:4630: found /bin/echo
configure:4642: result: /bin/echo
configure:4671: checking for expr
configure:4689: found /bin/expr
configure:4701: result: /bin/expr
configure:4730: checking for file
configure:4748: found /usr/bin/file
configure:4760: result: /usr/bin/file
configure:4789: checking for find
configure:4807: found /usr/bin/find
configure:4819: result: /usr/bin/find
configure:4848: checking for head
configure:4866: found /usr/bin/head
configure:4878: result: /usr/bin/head
configure:4907: checking for ln
configure:4925: found /bin/ln
configure:4937: result: /bin/ln
configure:4966: checking for ls
configure:4984: found /bin/ls
configure:4996: result: /bin/ls
configure:5025: checking for mkdir
configure:5043: found /bin/mkdir
configure:5055: result: /bin/mkdir
configure:5084: checking for mktemp
configure:5102: found /usr/bin/mktemp
configure:5114: result: /usr/bin/mktemp
configure:5143: checking for mv
configure:5161: found /bin/mv
configure:5173: result: /bin/mv
configure:5202: checking for printf
configure:5220: found /usr/bin/printf
configure:5232: result: /usr/bin/printf
configure:5261: checking for rm
configure:5279: found /bin/rm
configure:5291: result: /bin/rm
configure:5320: checking for sh
configure:5338: found /bin/sh
configure:5350: result: /bin/sh
configure:5379: checking for sort
configure:5397: found /usr/bin/sort
configure:5409: result: /usr/bin/sort
configure:5438: checking for tail
configure:5456: found /usr/bin/tail
configure:5468: result: /usr/bin/tail
configure:5497: checking for tar
configure:5515: found /usr/bin/tar
configure:5527: result: /usr/bin/tar
configure:5556: checking for tee
configure:5574: found /usr/bin/tee
configure:5586: result: /usr/bin/tee
configure:5615: checking for touch
configure:5633: found /usr/bin/touch
configure:5645: result: /usr/bin/touch
configure:5674: checking for tr
configure:5692: found /usr/bin/tr
configure:5704: result: /usr/bin/tr
configure:5733: checking for uname
configure:5751: found /usr/bin/uname
configure:5763: result: /usr/bin/uname
configure:5792: checking for uniq
configure:5810: found /usr/bin/uniq
configure:5822: result: /usr/bin/uniq
configure:5851: checking for wc
configure:5869: found /usr/bin/wc
configure:5881: result: /usr/bin/wc
configure:5910: checking for which
configure:5928: found /usr/bin/which
configure:5940: result: /usr/bin/which
configure:5969: checking for xargs
configure:5987: found /usr/bin/xargs
configure:5999: result: /usr/bin/xargs
configure:6029: checking for gawk
configure:6059: result: no
configure:6029: checking for mawk
configure:6059: result: no
configure:6029: checking for nawk
configure:6059: result: no
configure:6029: checking for awk
configure:6045: found /usr/bin/awk
configure:6056: result: awk
configure:6079: checking for grep that handles long lines and -e
configure:6137: result: /usr/bin/grep
configure:6154: checking for egrep
configure:6216: result: /usr/bin/grep -E
configure:6233: checking for fgrep
configure:6295: result: /usr/bin/grep -F
configure:6312: checking for a sed that does not truncate output
configure:6376: result: /usr/bin/sed
configure:6398: checking for nawk
configure:6431: result: no
configure:6398: checking for gawk
configure:6431: result: no
configure:6398: checking for awk
configure:6416: found /usr/bin/awk
configure:6428: result: /usr/bin/awk
configure:6462: checking for cygpath
configure:6495: result: no
configure:6502: checking for readlink
configure:6520: found /usr/bin/readlink
configure:6532: result: /usr/bin/readlink
configure:6542: checking for df
configure:6560: found /bin/df
configure:6572: result: /bin/df
configure:6582: checking for SetFile
configure:6600: found /usr/bin/SetFile
configure:6612: result: /usr/bin/SetFile
configure:6628: checking build system type
configure:6642: result: x86_64-apple-darwin18.0.0
configure:6662: checking host system type
configure:6675: result: x86_64-apple-darwin18.0.0
configure:6695: checking target system type
configure:6708: result: x86_64-apple-darwin18.0.0
configure:6869: checking openjdk-build os-cpu
configure:6871: result: macosx-x86_64
configure:6989: checking openjdk-target os-cpu
configure:6991: result: macosx-x86_64
configure:7041: checking compilation type
configure:7043: result: native
configure:7742: checking for presence of closed sources
configure:7749: result: no
configure:7752: checking if closed source is suppressed (openjdk-only)
configure:7755: result: no
configure:7792: checking which variant of the JDK to build
configure:7809: result: normal
configure:7825: checking which variants of the JVM to build
configure:7844: result: server
configure:7911: checking which debug level to use
configure:7935: result: release
configure:8096: checking what configuration name to use
configure:8098: result: macosx-x86_64-normal-server-release
configure:8265: checking for apt-get
configure:8295: result: no
configure:8265: checking for yum
configure:8295: result: no
configure:8265: checking for port
configure:8295: result: no
configure:8265: checking for pkgutil
configure:8281: found /usr/sbin/pkgutil
configure:8292: result: pkgutil
configure:8630: checking for gmake
configure:8663: result: no
configure:8984: checking for make
configure:9002: found /usr/bin/make
configure:9014: result: /usr/bin/make
configure:9029: Testing potential make at /usr/bin/make, found using make in PATH
configure:9297: Resolving FOUND_MAKE (as /usr/bin/make) failed, using /usr/bin/make directly.
configure:10056: Using GNU make 3.81 (or later) at /usr/bin/make (version: GNU Make 3.81)
configure:10062: checking if find supports -delete
configure:10078: result: yes
configure:10092: checking for unzip
configure:10110: found /usr/bin/unzip
configure:10122: result: /usr/bin/unzip
configure:10151: checking for zip
configure:10169: found /usr/bin/zip
configure:10181: result: /usr/bin/zip
configure:10210: checking for ldd
configure:10243: result: no
configure:10256: checking for otool
configure:10274: found /usr/bin/otool
configure:10286: result: /usr/bin/otool
configure:10301: checking for readelf
configure:10334: result: no
configure:10301: checking for greadelf
configure:10334: result: no
configure:10344: checking for hg
configure:10362: found /usr/local/bin/hg
configure:10374: result: /usr/local/bin/hg
configure:10384: checking for stat
configure:10402: found /usr/bin/stat
configure:10414: result: /usr/bin/stat
configure:10424: checking for time
configure:10442: found /usr/bin/time
configure:10454: result: /usr/bin/time
configure:10539: checking for dsymutil
configure:10557: found /usr/bin/dsymutil
configure:10569: result: /usr/bin/dsymutil
configure:10598: checking for xattr
configure:10616: found /usr/bin/xattr
configure:10628: result: /usr/bin/xattr
configure:10654: checking for codesign
configure:10672: found /usr/bin/codesign
configure:10684: result: /usr/bin/codesign
configure:10694: checking if openjdk_codesign certificate is present
error: The specified item could not be found in the keychain.
configure:10701: result: no
configure:10761: checking for pkg-config
configure:10779: found /usr/local/bin/pkg-config
configure:10791: result: /usr/local/bin/pkg-config
configure:10816: checking pkg-config is at least version 0.9.0
configure:10819: result: yes
configure:10934: checking for 7z
configure:10964: result: no
configure:10934: checking for unzip
configure:10950: found /usr/bin/unzip
configure:10961: result: unzip
configure:10980: checking for wget
configure:10996: found /usr/local/bin/wget
configure:11007: result: wget
configure:11034: checking headful support
configure:11058: result: include support for both headful and headless
configure:11902: Found potential Boot JDK using JAVA_HOME
configure:12066: checking for Boot JDK
configure:12068: result: /Library/Java/JavaVirtualMachines/jdk1.8.0_192.jdk/Contents/Home
configure:12070: checking Boot JDK version
configure:12073: result: java version "1.8.0_192" Java(TM) SE Runtime Environment (build 1.8.0_192-b12) Java HotSpot(TM) 64-Bit Server VM (build 25.192-b12, mixed mode) 
configure:15888: checking for java in Boot JDK
configure:15898: result: ok
configure:15902: checking for javac in Boot JDK
configure:15912: result: ok
configure:15916: checking for javah in Boot JDK
configure:15926: result: ok
configure:15930: checking for javap in Boot JDK
configure:15940: result: ok
configure:15944: checking for jar in Boot JDK
configure:15954: result: ok
configure:15958: checking for rmic in Boot JDK
configure:15968: result: ok
configure:15972: checking for native2ascii in Boot JDK
configure:15982: result: ok
Check if jvm arg is ok: -Xms64M
Command: /Library/Java/JavaVirtualMachines/jdk1.8.0_192.jdk/Contents/Home/bin/java -Xms64M -version
Check if jvm arg is ok: -Xmx1600M
Command: /Library/Java/JavaVirtualMachines/jdk1.8.0_192.jdk/Contents/Home/bin/java -Xmx1600M -version
Check if jvm arg is ok: -XX:PermSize=32m
Command: /Library/Java/JavaVirtualMachines/jdk1.8.0_192.jdk/Contents/Home/bin/java -XX:PermSize=32m -version
Arg failed:
Java HotSpot(TM) 64-Bit Server VM warning: ignoring option PermSize=32m; support was removed in 8.0
java version "1.8.0_192"
Java(TM) SE Runtime Environment (build 1.8.0_192-b12)
Java HotSpot(TM) 64-Bit Server VM (build 25.192-b12, mixed mode)
Check if jvm arg is ok: -XX:MaxPermSize=160m
Command: /Library/Java/JavaVirtualMachines/jdk1.8.0_192.jdk/Contents/Home/bin/java -XX:MaxPermSize=160m -version
Arg failed:
Java HotSpot(TM) 64-Bit Server VM warning: ignoring option MaxPermSize=160m; support was removed in 8.0
java version "1.8.0_192"
Java(TM) SE Runtime Environment (build 1.8.0_192-b12)
Java HotSpot(TM) 64-Bit Server VM (build 25.192-b12, mixed mode)
Check if jvm arg is ok: -XX:ThreadStackSize=1536
Command: /Library/Java/JavaVirtualMachines/jdk1.8.0_192.jdk/Contents/Home/bin/java -XX:ThreadStackSize=1536 -version
Check if jvm arg is ok: -XX:-PrintVMOptions -XX:-UnlockDiagnosticVMOptions -XX:-LogVMOutput
Command: /Library/Java/JavaVirtualMachines/jdk1.8.0_192.jdk/Contents/Home/bin/java -XX:-PrintVMOptions -XX:-UnlockDiagnosticVMOptions -XX:-LogVMOutput -version
Arg failed:
Error: VM option 'LogVMOutput' is diagnostic and must be enabled via -XX:+UnlockDiagnosticVMOptions.
Error: Could not create the Java Virtual Machine.
Error: A fatal exception has occurred. Program will exit.
configure:16498: checking for jtreg
configure:16500: result: no
configure:19175: checking for gcc
configure:19193: found /usr/bin/gcc
configure:19205: result: /usr/bin/gcc
configure:19490: Resolving CC (as /usr/bin/gcc) failed, using /usr/bin/gcc directly.
configure:19520: checking resolved symbolic links for CC
configure:19571: result: /usr/bin/gcc
configure:19573: checking if CC is disguised ccache
configure:20012: result: no, keeping CC
configure:20057: The C compiler (located as /usr/bin/gcc) does not seem to be the required GCC compiler.
configure:20059: The result from running with --version was: "Configured with: --prefix=/Applications/Xcode.app/Contents/Developer/usr --with-gxx-include-dir=/Applications/Xcode.app/Contents/Developer/Platforms/MacOSX.platform/Developer/SDKs/MacOSX10.14.sdk/usr/include/c++/4.2.1"
configure:20061: error: GCC compiler is required. Try setting --with-tools-dir.

## ---------------- ##
## Cache variables. ##
## ---------------- ##

ac_cv_build=x86_64-apple-darwin18.0.0
ac_cv_env_ALSA_CFLAGS_set=
ac_cv_env_ALSA_CFLAGS_value=
ac_cv_env_ALSA_LIBS_set=
ac_cv_env_ALSA_LIBS_value=
ac_cv_env_CCC_set=
ac_cv_env_CCC_value=
ac_cv_env_CC_set=
ac_cv_env_CC_value=
ac_cv_env_CFLAGS_set=
ac_cv_env_CFLAGS_value=
ac_cv_env_CPPFLAGS_set=
ac_cv_env_CPPFLAGS_value=
ac_cv_env_CPP_set=
ac_cv_env_CPP_value=
ac_cv_env_CXXCPP_set=
ac_cv_env_CXXCPP_value=
ac_cv_env_CXXFLAGS_set=
ac_cv_env_CXXFLAGS_value=
ac_cv_env_CXX_set=
ac_cv_env_CXX_value=
ac_cv_env_FREETYPE_CFLAGS_set=
ac_cv_env_FREETYPE_CFLAGS_value=
ac_cv_env_FREETYPE_LIBS_set=
ac_cv_env_FREETYPE_LIBS_value=
ac_cv_env_LDFLAGS_set=
ac_cv_env_LDFLAGS_value=
ac_cv_env_LIBFFI_CFLAGS_set=
ac_cv_env_LIBFFI_CFLAGS_value=
ac_cv_env_LIBFFI_LIBS_set=
ac_cv_env_LIBFFI_LIBS_value=
ac_cv_env_LIBS_set=
ac_cv_env_LIBS_value=
ac_cv_env_OBJCFLAGS_set=
ac_cv_env_OBJCFLAGS_value=
ac_cv_env_OBJC_set=
ac_cv_env_OBJC_value=
ac_cv_env_PKG_CONFIG_set=
ac_cv_env_PKG_CONFIG_value=
ac_cv_env_XMKMF_set=
ac_cv_env_XMKMF_value=
ac_cv_env_build_alias_set=
ac_cv_env_build_alias_value=
ac_cv_env_host_alias_set=
ac_cv_env_host_alias_value=
ac_cv_env_target_alias_set=
ac_cv_env_target_alias_value=
ac_cv_host=x86_64-apple-darwin18.0.0
ac_cv_path_BASENAME=/usr/bin/basename
ac_cv_path_BASH=/bin/bash
ac_cv_path_CAT=/bin/cat
ac_cv_path_CHECK_MAKE=/usr/bin/make
ac_cv_path_CHMOD=/bin/chmod
ac_cv_path_CMP=/usr/bin/cmp
ac_cv_path_CODESIGN=/usr/bin/codesign
ac_cv_path_COMM=/usr/bin/comm
ac_cv_path_CP=/bin/cp
ac_cv_path_CPIO=/usr/bin/cpio
ac_cv_path_CUT=/usr/bin/cut
ac_cv_path_DATE=/bin/date
ac_cv_path_DF=/bin/df
ac_cv_path_DIFF=/usr/bin/diff
ac_cv_path_DIRNAME=/usr/bin/dirname
ac_cv_path_DSYMUTIL=/usr/bin/dsymutil
ac_cv_path_ECHO=/bin/echo
ac_cv_path_EGREP='/usr/bin/grep -E'
ac_cv_path_EXPR=/bin/expr
ac_cv_path_FGREP='/usr/bin/grep -F'
ac_cv_path_FILE=/usr/bin/file
ac_cv_path_FIND=/usr/bin/find
ac_cv_path_GREP=/usr/bin/grep
ac_cv_path_HEAD=/usr/bin/head
ac_cv_path_HG=/usr/local/bin/hg
ac_cv_path_LN=/bin/ln
ac_cv_path_LS=/bin/ls
ac_cv_path_MKDIR=/bin/mkdir
ac_cv_path_MKTEMP=/usr/bin/mktemp
ac_cv_path_MV=/bin/mv
ac_cv_path_NAWK=/usr/bin/awk
ac_cv_path_OTOOL=/usr/bin/otool
ac_cv_path_POTENTIAL_CC=/usr/bin/gcc
ac_cv_path_PRINTF=/usr/bin/printf
ac_cv_path_READLINK=/usr/bin/readlink
ac_cv_path_RM=/bin/rm
ac_cv_path_SED=/usr/bin/sed
ac_cv_path_SETFILE=/usr/bin/SetFile
ac_cv_path_SH=/bin/sh
ac_cv_path_SORT=/usr/bin/sort
ac_cv_path_STAT=/usr/bin/stat
ac_cv_path_TAIL=/usr/bin/tail
ac_cv_path_TAR=/usr/bin/tar
ac_cv_path_TEE=/usr/bin/tee
ac_cv_path_TIME=/usr/bin/time
ac_cv_path_TOUCH=/usr/bin/touch
ac_cv_path_TR=/usr/bin/tr
ac_cv_path_UNAME=/usr/bin/uname
ac_cv_path_UNIQ=/usr/bin/uniq
ac_cv_path_UNZIP=/usr/bin/unzip
ac_cv_path_WC=/usr/bin/wc
ac_cv_path_WHICH=/usr/bin/which
ac_cv_path_XARGS=/usr/bin/xargs
ac_cv_path_XATTR=/usr/bin/xattr
ac_cv_path_ZIP=/usr/bin/zip
ac_cv_path_ac_pt_PKG_CONFIG=/usr/local/bin/pkg-config
ac_cv_prog_AWK=awk
ac_cv_prog_BDEPS_FTP=wget
ac_cv_prog_BDEPS_UNZIP=unzip
ac_cv_prog_PKGHANDLER=pkgutil
ac_cv_target=x86_64-apple-darwin18.0.0

## ----------------- ##
## Output variables. ##
## ----------------- ##

ADD_SRC_ROOT=''
ALSA_CFLAGS=''
ALSA_LIBS=''
AR=''
ARFLAGS=''
AR_OUT_OPTION='rcs$(SPACE)'
AS=''
AWK='awk'
BASENAME='/usr/bin/basename'
BASH='/bin/bash'
BDEPS_FTP='wget'
BDEPS_UNZIP='unzip'
BOOT_JDK='/Library/Java/JavaVirtualMachines/jdk1.8.0_192.jdk/Contents/Home'
BOOT_JDK_JVMARGS=' -Xms64M -Xmx1600M -XX:ThreadStackSize=1536'
BOOT_JDK_SOURCETARGET='-source 7 -target 7'
BOOT_RTJAR='/Library/Java/JavaVirtualMachines/jdk1.8.0_192.jdk/Contents/Home/jre/lib/rt.jar'
BOOT_TOOLSJAR='/Library/Java/JavaVirtualMachines/jdk1.8.0_192.jdk/Contents/Home/lib/tools.jar'
BUILD_CC=''
BUILD_CXX=''
BUILD_HEADLESS='BUILD_HEADLESS:=true'
BUILD_HOTSPOT='true'
BUILD_LD=''
BUILD_LOG='$(OUTPUT_ROOT)/build.log'
BUILD_LOG_PREVIOUS='$(OUTPUT_ROOT)/build.log.old'
BUILD_LOG_WRAPPER='$(BASH) $(SRC_ROOT)/common/bin/logger.sh $(BUILD_LOG)'
BUILD_OUTPUT='/Users/poytr1/workspace/openjdk8/build/macosx-x86_64-normal-server-release'
BUILD_VARIANT_RELEASE=''
CACERTS_FILE='/Users/poytr1/workspace/openjdk8/jdk/src/share/lib/security/cacerts'
CAT='/bin/cat'
CC='/usr/bin/gcc'
CCACHE=''
CC_OUT_OPTION='-o$(SPACE)'
CFLAGS=''
CFLAGS_DEBUG_SYMBOLS=''
CFLAGS_JDKEXE=''
CFLAGS_JDKLIB=''
CHECK_GMAKE=''
CHECK_MAKE='/usr/bin/make'
CHECK_TOOLSDIR_GMAKE=''
CHECK_TOOLSDIR_MAKE=''
CHMOD='/bin/chmod'
CMP='/usr/bin/cmp'
CODESIGN=''
COMM='/usr/bin/comm'
COMPANY_NAME='N/A'
COMPILER_NAME='C'
COMPILER_SUPPORTS_TARGET_BITS_FLAG=''
COMPILER_TYPE=''
COMPILE_TYPE='native'
COMPRESS_JARS='false'
CONFIGURE_COMMAND_LINE=''
CONF_NAME='macosx-x86_64-normal-server-release'
COOKED_BUILD_NUMBER='0'
COPYRIGHT_YEAR='2018'
CORBA_TOPDIR='/Users/poytr1/workspace/openjdk8/corba'
CP='/bin/cp'
CPIO='/usr/bin/cpio'
CPP=''
CPPFLAGS=''
CUPS_CFLAGS=''
CUSTOM_MAKE_DIR=''
CUT='/usr/bin/cut'
CXX=''
CXXCPP=''
CXXFLAGS=''
CXXFLAGS_DEBUG_SYMBOLS=''
CXXFLAGS_JDKEXE=''
CXXFLAGS_JDKLIB=''
CXX_FLAG_DEPS=''
CXX_FLAG_REORDER=''
CXX_O_FLAG_HI=''
CXX_O_FLAG_HIGHEST=''
CXX_O_FLAG_NONE=''
CXX_O_FLAG_NORM=''
CYGPATH=''
CYGWIN_LINK=''
C_FLAG_DEPS=''
C_FLAG_REORDER=''
C_O_FLAG_HI=''
C_O_FLAG_HIGHEST=''
C_O_FLAG_NONE=''
C_O_FLAG_NORM=''
DATE='/bin/date'
DATE_WHEN_CONFIGURED='Wed Dec 12 14:19:59 CST 2018'
DEBUG_CLASSFILES='false'
DEBUG_LEVEL='release'
DEFINE_CROSS_COMPILE_ARCH=''
DEFS=''
DF='/bin/df'
DIFF='/usr/bin/diff'
DIRNAME='/usr/bin/dirname'
DSYMUTIL='/usr/bin/dsymutil'
DUMPBIN=''
ECHO='/bin/echo'
ECHO_C=''
ECHO_N='-n'
ECHO_T=''
EGREP='/usr/bin/grep -E'
ENABLE_DEBUG_SYMBOLS=''
ENABLE_INTREE_EC=''
ENABLE_SJAVAC=''
EXEEXT=''
EXE_OUT_OPTION='-o$(SPACE)'
EXE_SUFFIX=''
EXPR='/bin/expr'
FASTDEBUG='false'
FGREP='/usr/bin/grep -F'
FILE='/usr/bin/file'
FIND='/usr/bin/find'
FIND_DELETE='-delete'
FIXPATH=''
FREETYPE_BUNDLE_LIB_PATH=''
FREETYPE_CFLAGS=''
FREETYPE_LIBS=''
GNM=''
GREP='/usr/bin/grep'
HEAD='/usr/bin/head'
HG='/usr/local/bin/hg'
HOTSPOT_CXX=''
HOTSPOT_DIST='/Users/poytr1/workspace/openjdk8/build/macosx-x86_64-normal-server-release/hotspot/dist'
HOTSPOT_LD=''
HOTSPOT_MAKE_ARGS=''
HOTSPOT_MT=''
HOTSPOT_RC=''
HOTSPOT_TOPDIR='/Users/poytr1/workspace/openjdk8/hotspot'
INCLUDE_SA='true'
IS_GNU_TIME='no'
JAVAC_CHECK=''
JAVAC_FLAGS=''
JAVA_CHECK=''
JAXP_TOPDIR='/Users/poytr1/workspace/openjdk8/jaxp'
JAXWS_TOPDIR='/Users/poytr1/workspace/openjdk8/jaxws'
JDK_BUILD_NUMBER='b00'
JDK_MAJOR_VERSION='1'
JDK_MICRO_VERSION='0'
JDK_MINOR_VERSION='8'
JDK_RC_PLATFORM_NAME='Platform'
JDK_TOPDIR='/Users/poytr1/workspace/openjdk8/jdk'
JDK_UPDATE_VERSION=''
JDK_VARIANT='normal'
JDK_VERSION='1.8.0'
JOBS=''
JTREGEXE=''
JT_HOME=''
JVM_VARIANTS=',server,'
JVM_VARIANT_CLIENT='false'
JVM_VARIANT_KERNEL='false'
JVM_VARIANT_MINIMAL1='false'
JVM_VARIANT_SERVER='true'
JVM_VARIANT_ZERO='false'
JVM_VARIANT_ZEROSHARK='false'
LANGTOOLS_TOPDIR='/Users/poytr1/workspace/openjdk8/langtools'
LAUNCHER_NAME='openjdk'
LD=''
LDCXX=''
LDD='true'
LDEXE=''
LDEXECXX=''
LDFLAGS=''
LDFLAGS_CXX_JDK=''
LDFLAGS_JDKEXE=''
LDFLAGS_JDKEXE_SUFFIX=''
LDFLAGS_JDKLIB=''
LDFLAGS_JDKLIB_SUFFIX=''
LD_OUT_OPTION='-o$(SPACE)'
LEGACY_EXTRA_CFLAGS=''
LEGACY_EXTRA_CXXFLAGS=''
LEGACY_EXTRA_LDFLAGS=''
LIBCXX=''
LIBDL=''
LIBFFI_CFLAGS=''
LIBFFI_LIBS=''
LIBM=''
LIBOBJS=''
LIBRARY_PREFIX=''
LIBS=''
LIBZIP_CAN_USE_MMAP=''
LIPO=''
LLVM_CFLAGS=''
LLVM_CONFIG=''
LLVM_LDFLAGS=''
LLVM_LIBS=''
LN='/bin/ln'
LP64='LP64:='
LS='/bin/ls'
LTLIBOBJS=''
MACOSX_BUNDLE_ID_BASE='net.java.openjdk'
MACOSX_BUNDLE_NAME_BASE='OpenJDK'
MACOSX_UNIVERSAL='true'
MACOSX_VERSION_MIN=''
MAKE='/usr/bin/make'
MCS=''
MEMORY_SIZE=''
MILESTONE='internal'
MKDIR='/bin/mkdir'
MKTEMP='/usr/bin/mktemp'
MSVCR_DLL=''
MT=''
MV='/bin/mv'
NASHORN_TOPDIR='/Users/poytr1/workspace/openjdk8/nashorn'
NAWK='/usr/bin/awk'
NM=''
NUM_CORES=''
OBJC=''
OBJCFLAGS=''
OBJCOPY=''
OBJDUMP=''
OBJEXT=''
OBJ_SUFFIX=''
OPENJDK_BUILD_AUTOCONF_NAME='x86_64-apple-darwin18.0.0'
OPENJDK_BUILD_CPU='x86_64'
OPENJDK_BUILD_CPU_ARCH='x86'
OPENJDK_BUILD_CPU_BITS='64'
OPENJDK_BUILD_CPU_ENDIAN='little'
OPENJDK_BUILD_OS='macosx'
OPENJDK_BUILD_OS_API='posix'
OPENJDK_TARGET_AUTOCONF_NAME='x86_64-apple-darwin18.0.0'
OPENJDK_TARGET_CPU='x86_64'
OPENJDK_TARGET_CPU_ARCH='x86'
OPENJDK_TARGET_CPU_BITS='64'
OPENJDK_TARGET_CPU_ENDIAN='little'
OPENJDK_TARGET_CPU_ISADIR=''
OPENJDK_TARGET_CPU_JLI_CFLAGS='-DLIBARCHNAME='\''"x86_64"'\'''
OPENJDK_TARGET_CPU_LEGACY='x86_64'
OPENJDK_TARGET_CPU_LEGACY_LIB='amd64'
OPENJDK_TARGET_CPU_LIBDIR=''
OPENJDK_TARGET_CPU_OSARCH='x86_64'
OPENJDK_TARGET_OS='macosx'
OPENJDK_TARGET_OS_API='posix'
OPENJDK_TARGET_OS_API_DIR='solaris'
OPENJDK_TARGET_OS_EXPORT_DIR='macosx'
OPENWIN_HOME=''
OS_VERSION_MAJOR='18'
OS_VERSION_MICRO='0'
OS_VERSION_MINOR='0'
OTOOL='/usr/bin/otool'
OUTPUT_ROOT='/Users/poytr1/workspace/openjdk8/build/macosx-x86_64-normal-server-release'
OVERRIDE_SRC_ROOT=''
PACKAGE_BUGREPORT='build-dev@openjdk.java.net'
PACKAGE_NAME='OpenJDK'
PACKAGE_PATH=''
PACKAGE_STRING='OpenJDK jdk8'
PACKAGE_TARNAME='openjdk'
PACKAGE_URL='http://openjdk.java.net'
PACKAGE_VERSION='jdk8'
PATH_SEP=':'
PATH_SEPARATOR=':'
PKGHANDLER='pkgutil'
PKG_CONFIG='/usr/local/bin/pkg-config'
POST_MCS_CMD=''
POST_STRIP_CMD=''
POTENTIAL_CC='/usr/bin/gcc'
POTENTIAL_CXX=''
PRINTF='/usr/bin/printf'
PRODUCT_NAME='OpenJDK'
PRODUCT_SUFFIX='Runtime Environment'
PROPER_COMPILER_CC=''
PROPER_COMPILER_CXX=''
RC=''
RC_FLAGS=''
READELF=''
READLINK=''
REQUIRED_OS_NAME='Darwin'
REQUIRED_OS_VERSION='11.2'
RM='/bin/rm -f'
SALIB_NAME=''
SED='/usr/bin/sed'
SETFILE='/usr/bin/SetFile'
SET_EXECUTABLE_ORIGIN=''
SET_OPENJDK='OPENJDK=true'
SET_SHARED_LIBRARY_MAPFILE=''
SET_SHARED_LIBRARY_NAME=''
SET_SHARED_LIBRARY_ORIGIN=''
SH='/bin/sh'
SHARED_LIBRARY=''
SHARED_LIBRARY_FLAGS=''
SHARED_LIBRARY_SUFFIX=''
SHELL='/bin/sh'
SJAVAC_SERVER_DIR=''
SJAVAC_SERVER_JAVA=''
SORT='/usr/bin/sort'
SPEC='/Users/poytr1/workspace/openjdk8/build/macosx-x86_64-normal-server-release/spec.gmk'
SRC_ROOT='/Users/poytr1/workspace/openjdk8'
STAT='/usr/bin/stat'
STATIC_CXX_SETTING=''
STATIC_LIBRARY=''
STATIC_LIBRARY_SUFFIX=''
STRIP=''
SUPPORT_HEADFUL='yes'
SUPPORT_HEADLESS='yes'
SYS_ROOT='/'
TAIL='/usr/bin/tail'
TAR='/usr/bin/tar'
TEE='/usr/bin/tee'
TEST_IN_BUILD='false'
TIME='/usr/bin/time'
TOOLS_DIR_CC=''
TOOLS_DIR_CXX=''
TOUCH='/usr/bin/touch'
TR='/usr/bin/tr'
UNAME='/usr/bin/uname'
UNIQ='/usr/bin/uniq'
UNLIMITED_CRYPTO='false'
UNZIP='/usr/bin/unzip'
USER_RELEASE_SUFFIX='poytr1_2018_12_12_14_20'
USE_EXTERNAL_LIBGIF=''
USE_EXTERNAL_LIBJPEG=''
USE_EXTERNAL_LIBZ=''
USE_PRECOMPILED_HEADER=''
VARIANT='OPT'
VS_INCLUDE=''
VS_LIB=''
VS_PATH=''
WC='/usr/bin/wc'
WHICH='/usr/bin/which'
WINAR=''
WINLD=''
XARGS='/usr/bin/xargs'
XATTR='/usr/bin/xattr'
XMKMF=''
X_CFLAGS=''
X_EXTRA_LIBS=''
X_LIBS=''
X_PRE_LIBS=''
ZERO_ARCHDEF='AMD64'
ZERO_ARCHFLAG=''
ZIP='/usr/bin/zip'
ZIP_DEBUGINFO_FILES=''
ac_ct_CC=''
ac_ct_CXX=''
ac_ct_OBJC=''
ac_ct_OBJCOPY=''
ac_ct_OBJDUMP=''
ac_ct_PROPER_COMPILER_CC=''
ac_ct_PROPER_COMPILER_CXX=''
bindir='${exec_prefix}/bin'
build='x86_64-apple-darwin18.0.0'
build_alias=''
build_cpu='x86_64'
build_os='darwin18.0.0'
build_vendor='apple'
datadir='${datarootdir}'
datarootdir='${prefix}/share'
docdir='${datarootdir}/doc/${PACKAGE_TARNAME}'
dvidir='${docdir}'
exec_prefix='NONE'
host='x86_64-apple-darwin18.0.0'
host_alias=''
host_cpu='x86_64'
host_os='darwin18.0.0'
host_vendor='apple'
htmldir='${docdir}'
includedir='${prefix}/include'
infodir='${datarootdir}/info'
libdir='${exec_prefix}/lib'
libexecdir='${exec_prefix}/libexec'
localedir='${datarootdir}/locale'
localstatedir='${prefix}/var'
mandir='${datarootdir}/man'
oldincludedir='/usr/include'
pdfdir='${docdir}'
prefix='NONE'
program_transform_name='s,x,x,'
psdir='${docdir}'
sbindir='${exec_prefix}/sbin'
sharedstatedir='${prefix}/com'
sysconfdir='${prefix}/etc'
target='x86_64-apple-darwin18.0.0'
target_alias=''
target_cpu='x86_64'
target_os='darwin18.0.0'
target_vendor='apple'

## ----------- ##
## confdefs.h. ##
## ----------- ##

/* confdefs.h */
#define PACKAGE_NAME "OpenJDK"
#define PACKAGE_TARNAME "openjdk"
#define PACKAGE_VERSION "jdk8"
#define PACKAGE_STRING "OpenJDK jdk8"
#define PACKAGE_BUGREPORT "build-dev@openjdk.java.net"
#define PACKAGE_URL "http://openjdk.java.net"

configure: exit 1
